1579152559.327748 client started (14061): version 3.0a, socket /private/tmp/tmux-501/default, protocol 8
1579152559.327805 on Darwin 18.7.0 Darwin Kernel Version 18.7.0: Sun Dec  1 18:59:03 PST 2019; root:xnu-4903.278.19~1/RELEASE_X86_64; libevent 2.1.11-stable (select)
1579152559.327850 socket is /private/tmp/tmux-501/default
1579152559.327872 trying connect
1579152559.327954 add peer 0x108a49000: 6 (0x0)
1579152559.329020 sending message 100 to peer 0x108a49000 (4 bytes)
1579152559.329041 sending message 101 to peer 0x108a49000 (15 bytes)
1579152559.329050 sending message 102 to peer 0x108a49000 (13 bytes)
1579152559.329058 sending message 108 to peer 0x108a49000 (40 bytes)
1579152559.329075 sending message 104 to peer 0x108a49000 (0 bytes)
1579152559.329083 sending message 107 to peer 0x108a49000 (4 bytes)
1579152559.329091 sending message 105 to peer 0x108a49000 (76 bytes)
1579152559.329098 sending message 105 to peer 0x108a49000 (15 bytes)
1579152559.329106 sending message 105 to peer 0x108a49000 (20 bytes)
1579152559.329114 sending message 105 to peer 0x108a49000 (24 bytes)
1579152559.329121 sending message 105 to peer 0x108a49000 (18 bytes)
1579152559.329128 sending message 105 to peer 0x108a49000 (22 bytes)
1579152559.329136 sending message 105 to peer 0x108a49000 (61 bytes)
1579152559.329144 sending message 105 to peer 0x108a49000 (13 bytes)
1579152559.329151 sending message 105 to peer 0x108a49000 (17 bytes)
1579152559.329159 sending message 105 to peer 0x108a49000 (19 bytes)
1579152559.329166 sending message 105 to peer 0x108a49000 (26 bytes)
1579152559.329174 sending message 105 to peer 0x108a49000 (8 bytes)
1579152559.329181 sending message 105 to peer 0x108a49000 (14 bytes)
1579152559.329189 sending message 105 to peer 0x108a49000 (32 bytes)
1579152559.329196 sending message 105 to peer 0x108a49000 (20 bytes)
1579152559.329203 sending message 105 to peer 0x108a49000 (11 bytes)
1579152559.329211 sending message 105 to peer 0x108a49000 (905 bytes)
1579152559.329219 sending message 105 to peer 0x108a49000 (44 bytes)
1579152559.329227 sending message 105 to peer 0x108a49000 (25 bytes)
1579152559.329234 sending message 105 to peer 0x108a49000 (8 bytes)
1579152559.329242 sending message 105 to peer 0x108a49000 (66 bytes)
1579152559.329249 sending message 105 to peer 0x108a49000 (20 bytes)
1579152559.329257 sending message 105 to peer 0x108a49000 (23 bytes)
1579152559.329264 sending message 105 to peer 0x108a49000 (27 bytes)
1579152559.329272 sending message 105 to peer 0x108a49000 (60 bytes)
1579152559.329279 sending message 105 to peer 0x108a49000 (57 bytes)
1579152559.329287 sending message 105 to peer 0x108a49000 (43 bytes)
1579152559.329294 sending message 105 to peer 0x108a49000 (13 bytes)
1579152559.329302 sending message 105 to peer 0x108a49000 (11 bytes)
1579152559.329309 sending message 105 to peer 0x108a49000 (45 bytes)
1579152559.329317 sending message 105 to peer 0x108a49000 (14 bytes)
1579152559.329324 sending message 105 to peer 0x108a49000 (19 bytes)
1579152559.329332 sending message 105 to peer 0x108a49000 (38 bytes)
1579152559.329339 sending message 105 to peer 0x108a49000 (21 bytes)
1579152559.329347 sending message 105 to peer 0x108a49000 (22 bytes)
1579152559.329354 sending message 106 to peer 0x108a49000 (0 bytes)
1579152559.329364 sending message 200 to peer 0x108a49000 (4 bytes)
1579152559.329372 client loop enter
1579152559.329593 peer 0x108a49000 message 211
1579152559.329613 client_write: sessions should be nested with care, unset $TMUX to force\n
1579152559.329637 peer 0x108a49000 message 203
1579152559.329647 client loop exit
